<?xml version="1.0" encoding="UTF-8"?>
<!-- Generated by org.testng.reporters.JUnitReportReporter -->
<testsuite skipped="0" hostname="DESKTOP-O8A2NA2" name="testScript.demoClass" tests="1" failures="0" timestamp="01 Aug 2020 12:47:38 GMT" time="0.023" errors="0">
  <testcase name="test1" time="0.023" classname="testScript.demoClass"/>
</testsuite> <!-- testScript.demoClass -->
