<?xml version="1.0" encoding="UTF-8"?>
<!-- Generated by org.testng.reporters.JUnitReportReporter -->
<testsuite skipped="0" hostname="DESKTOP-O8A2NA2" name="testScript.MongoDBOperations" tests="1" failures="0" timestamp="01 Aug 2020 12:38:52 GMT" time="0.537" errors="0">
  <testcase name="InsetAndFetchDoc" time="0.537" classname="testScript.MongoDBOperations"/>
</testsuite> <!-- testScript.MongoDBOperations -->
