<?xml version="1.0" encoding="UTF-8"?>
<!-- Generated by org.testng.reporters.JUnitReportReporter -->
<testsuite skipped="0" hostname="DESKTOP-O8A2NA2" name="connectMangoDB" tests="1" failures="0" timestamp="31 Jul 2020 13:33:39 GMT" time="0.559" errors="0">
  <testcase name="connectDB" time="0.559" classname="connectMangoDB"/>
</testsuite> <!-- connectMangoDB -->
